# JRE version: Java(TM) SE Runtime Environment (8.0_45-b15) (build 1.8.0_45-b15)
# Java VM: Java HotSpot(TM) 64-Bit Server VM (25.45-b02 mixed mode windows-amd64 compressed oops)
Heap:
 PSYoungGen      total 530432K, used 409152K [0x000000076b400000, 0x000000078e600000, 0x00000007c0000000)
  eden space 514560K, 76% used [0x000000076b400000,0x0000000783410eb0,0x000000078aa80000)
  from space 15872K, 99% used [0x000000078c380000,0x000000078d2ff4d0,0x000000078d300000)
  to   space 25600K, 0% used [0x000000078aa80000,0x000000078aa80000,0x000000078c380000)
 ParOldGen       total 175104K, used 23057K [0x00000006c1c00000, 0x00000006cc700000, 0x000000076b400000)
  object space 175104K, 13% used [0x00000006c1c00000,0x00000006c32846d8,0x00000006cc700000)
 Metaspace       used 16686K, capacity 16991K, committed 17280K, reserved 1064960K
  class space    used 1784K, capacity 1888K, committed 1920K, reserved 1048576K
GC Heap History (10 events):
Event: 1.990 GC heap before
{Heap before GC invocations=4 (full 0):
 PSYoungGen      total 76288K, used 70585K [0x000000076b400000, 0x0000000774900000, 0x00000007c0000000)
  eden space 65536K, 100% used [0x000000076b400000,0x000000076f400000,0x000000076f400000)
  from space 10752K, 46% used [0x000000076f400000,0x000000076f8ee658,0x000000076fe80000)
  to   space 10752K, 0% used [0x0000000773e80000,0x0000000773e80000,0x0000000774900000)
 ParOldGen       total 175104K, used 32K [0x00000006c1c00000, 0x00000006cc700000, 0x000000076b400000)
  object space 175104K, 0% used [0x00000006c1c00000,0x00000006c1c08000,0x00000006cc700000)
 Metaspace       used 8764K, capacity 8905K, committed 9216K, reserved 1056768K
  class space    used 873K, capacity 959K, committed 1024K, reserved 1048576K
Event: 1.996 GC heap after
Heap after GC invocations=4 (full 0):
 PSYoungGen      total 141824K, used 3017K [0x000000076b400000, 0x0000000774900000, 0x00000007c0000000)
  eden space 131072K, 0% used [0x000000076b400000,0x000000076b400000,0x0000000773400000)
  from space 10752K, 28% used [0x0000000773e80000,0x0000000774172538,0x0000000774900000)
  to   space 10752K, 0% used [0x0000000773400000,0x0000000773400000,0x0000000773e80000)
 ParOldGen       total 175104K, used 40K [0x00000006c1c00000, 0x00000006cc700000, 0x000000076b400000)
  object space 175104K, 0% used [0x00000006c1c00000,0x00000006c1c0a000,0x00000006cc700000)
 Metaspace       used 8764K, capacity 8905K, committed 9216K, reserved 1056768K
  class space    used 873K, capacity 959K, committed 1024K, reserved 1048576K
}
Event: 2.323 GC heap before
{Heap before GC invocations=5 (full 0):
 PSYoungGen      total 141824K, used 134089K [0x000000076b400000, 0x0000000774900000, 0x00000007c0000000)
  eden space 131072K, 100% used [0x000000076b400000,0x0000000773400000,0x0000000773400000)
  from space 10752K, 28% used [0x0000000773e80000,0x0000000774172538,0x0000000774900000)
  to   space 10752K, 0% used [0x0000000773400000,0x0000000773400000,0x0000000773e80000)
 ParOldGen       total 175104K, used 40K [0x00000006c1c00000, 0x00000006cc700000, 0x000000076b400000)
  object space 175104K, 0% used [0x00000006c1c00000,0x00000006c1c0a000,0x00000006cc700000)
 Metaspace       used 8764K, capacity 8905K, committed 9216K, reserved 1056768K
  class space    used 873K, capacity 959K, committed 1024K, reserved 1048576K
Event: 2.329 GC heap after
Heap after GC invocations=5 (full 0):
 PSYoungGen      total 141824K, used 5031K [0x000000076b400000, 0x000000077c800000, 0x00000007c0000000)
  eden space 131072K, 0% used [0x000000076b400000,0x000000076b400000,0x0000000773400000)
  from space 10752K, 46% used [0x0000000773400000,0x00000007738e9d18,0x0000000773e80000)
  to   space 10240K, 0% used [0x000000077be00000,0x000000077be00000,0x000000077c800000)
 ParOldGen       total 175104K, used 40K [0x00000006c1c00000, 0x00000006cc700000, 0x000000076b400000)
  object space 175104K, 0% used [0x00000006c1c00000,0x00000006c1c0a000,0x00000006cc700000)
 Metaspace       used 8764K, capacity 8905K, committed 9216K, reserved 1056768K
  class space    used 873K, capacity 959K, committed 1024K, reserved 1048576K
}
Event: 2.594 GC heap before
{Heap before GC invocations=6 (full 0):
 PSYoungGen      total 141824K, used 136103K [0x000000076b400000, 0x000000077c800000, 0x00000007c0000000)
  eden space 131072K, 100% used [0x000000076b400000,0x0000000773400000,0x0000000773400000)
  from space 10752K, 46% used [0x0000000773400000,0x00000007738e9d18,0x0000000773e80000)
  to   space 10240K, 0% used [0x000000077be00000,0x000000077be00000,0x000000077c800000)
 ParOldGen       total 175104K, used 40K [0x00000006c1c00000, 0x00000006cc700000, 0x000000076b400000)
  object space 175104K, 0% used [0x00000006c1c00000,0x00000006c1c0a000,0x00000006cc700000)
 Metaspace       used 8765K, capacity 8905K, committed 9216K, reserved 1056768K
  class space    used 873K, capacity 959K, committed 1024K, reserved 1048576K
Event: 2.597 GC heap after
Heap after GC invocations=6 (full 0):
 PSYoungGen      total 272384K, used 2914K [0x000000076b400000, 0x000000077c800000, 0x00000007c0000000)
  eden space 262144K, 0% used [0x000000076b400000,0x000000076b400000,0x000000077b400000)
  from space 10240K, 28% used [0x000000077be00000,0x000000077c0d8980,0x000000077c800000)
  to   space 10240K, 0% used [0x000000077b400000,0x000000077b400000,0x000000077be00000)
 ParOldGen       total 175104K, used 48K [0x00000006c1c00000, 0x00000006cc700000, 0x000000076b400000)
  object space 175104K, 0% used [0x00000006c1c00000,0x00000006c1c0c000,0x00000006cc700000)
 Metaspace       used 8765K, capacity 8905K, committed 9216K, reserved 1056768K
  class space    used 873K, capacity 959K, committed 1024K, reserved 1048576K
}
Event: 2.960 GC heap before
{Heap before GC invocations=7 (full 0):
 PSYoungGen      total 272384K, used 265058K [0x000000076b400000, 0x000000077c800000, 0x00000007c0000000)
  eden space 262144K, 100% used [0x000000076b400000,0x000000077b400000,0x000000077b400000)
  from space 10240K, 28% used [0x000000077be00000,0x000000077c0d8980,0x000000077c800000)
  to   space 10240K, 0% used [0x000000077b400000,0x000000077b400000,0x000000077be00000)
 ParOldGen       total 175104K, used 48K [0x00000006c1c00000, 0x00000006cc700000, 0x000000076b400000)
  object space 175104K, 0% used [0x00000006c1c00000,0x00000006c1c0c000,0x00000006cc700000)
 Metaspace       used 8765K, capacity 8905K, committed 9216K, reserved 1056768K
  class space    used 873K, capacity 959K, committed 1024K, reserved 1048576K
Event: 2.980 GC heap after
Heap after GC invocations=7 (full 0):
 PSYoungGen      total 272384K, used 10216K [0x000000076b400000, 0x000000078d300000, 0x00000007c0000000)
  eden space 262144K, 0% used [0x000000076b400000,0x000000076b400000,0x000000077b400000)
  from space 10240K, 99% used [0x000000077b400000,0x000000077bdfa3f0,0x000000077be00000)
  to   space 15872K, 0% used [0x000000078c380000,0x000000078c380000,0x000000078d300000)
 ParOldGen       total 175104K, used 7081K [0x00000006c1c00000, 0x00000006cc700000, 0x000000076b400000)
  object space 175104K, 4% used [0x00000006c1c00000,0x00000006c22ea6d8,0x00000006cc700000)
 Metaspace       used 8765K, capacity 8905K, committed 9216K, reserved 1056768K
  class space    used 873K, capacity 959K, committed 1024K, reserved 1048576K
}
Event: 3.297 GC heap before
{Heap before GC invocations=8 (full 0):
 PSYoungGen      total 272384K, used 272360K [0x000000076b400000, 0x000000078d300000, 0x00000007c0000000)
  eden space 262144K, 100% used [0x000000076b400000,0x000000077b400000,0x000000077b400000)
  from space 10240K, 99% used [0x000000077b400000,0x000000077bdfa3f0,0x000000077be00000)
  to   space 15872K, 0% used [0x000000078c380000,0x000000078c380000,0x000000078d300000)
 ParOldGen       total 175104K, used 7081K [0x00000006c1c00000, 0x00000006cc700000, 0x000000076b400000)
  object space 175104K, 4% used [0x00000006c1c00000,0x00000006c22ea6d8,0x00000006cc700000)
 Metaspace       used 8765K, capacity 8905K, committed 9216K, reserved 1056768K
  class space    used 873K, capacity 959K, committed 1024K, reserved 1048576K
Event: 3.325 GC heap after
Heap after GC invocations=8 (full 0):
 PSYoungGen      total 530432K, used 15869K [0x000000076b400000, 0x000000078e600000, 0x00000007c0000000)
  eden space 514560K, 0% used [0x000000076b400000,0x000000076b400000,0x000000078aa80000)
  from space 15872K, 99% used [0x000000078c380000,0x000000078d2ff4d0,0x000000078d300000)
  to   space 25600K, 0% used [0x000000078aa80000,0x000000078aa80000,0x000000078c380000)
 ParOldGen       total 175104K, used 23057K [0x00000006c1c00000, 0x00000006cc700000, 0x000000076b400000)
  object space 175104K, 13% used [0x00000006c1c00000,0x00000006c32846d8,0x00000006cc700000)
 Metaspace       used 8765K, capacity 8905K, committed 9216K, reserved 1056768K
  class space    used 873K, capacity 959K, committed 1024K, reserved 1048576K
}

