# JRE version: Java(TM) SE Runtime Environment (8.0_45-b15) (build 1.8.0_45-b15)
# Java VM: Java HotSpot(TM) 64-Bit Server VM (25.45-b02 mixed mode windows-amd64 compressed oops)
Heap:
 PSYoungGen      total 541184K, used 94892K [0x000000076b400000, 0x00000007a0d00000, 0x00000007c0000000)
  eden space 514560K, 15% used [0x000000076b400000,0x000000077014d758,0x000000078aa80000)
  from space 26624K, 59% used [0x000000078aa80000,0x000000078b9dda90,0x000000078c480000)
  to   space 27136K, 0% used [0x000000079f280000,0x000000079f280000,0x00000007a0d00000)
 ParOldGen       total 175104K, used 23065K [0x00000006c1c00000, 0x00000006cc700000, 0x000000076b400000)
  object space 175104K, 13% used [0x00000006c1c00000,0x00000006c3286448,0x00000006cc700000)
 Metaspace       used 11965K, capacity 12165K, committed 12544K, reserved 1060864K
  class space    used 1164K, capacity 1227K, committed 1280K, reserved 1048576K
GC Heap History (10 events):
Event: 1.448 GC heap before
{Heap before GC invocations=5 (full 0):
 PSYoungGen      total 141824K, used 140598K [0x000000076b400000, 0x0000000774900000, 0x00000007c0000000)
  eden space 131072K, 100% used [0x000000076b400000,0x0000000773400000,0x0000000773400000)
  from space 10752K, 88% used [0x0000000773e80000,0x00000007747cd9a0,0x0000000774900000)
  to   space 10752K, 0% used [0x0000000773400000,0x0000000773400000,0x0000000773e80000)
 ParOldGen       total 175104K, used 40K [0x00000006c1c00000, 0x00000006cc700000, 0x000000076b400000)
  object space 175104K, 0% used [0x00000006c1c00000,0x00000006c1c0a000,0x00000006cc700000)
 Metaspace       used 8760K, capacity 8877K, committed 9216K, reserved 1056768K
  class space    used 872K, capacity 927K, committed 1024K, reserved 1048576K
Event: 1.454 GC heap after
Heap after GC invocations=5 (full 0):
 PSYoungGen      total 141824K, used 5776K [0x000000076b400000, 0x000000077cb00000, 0x00000007c0000000)
  eden space 131072K, 0% used [0x000000076b400000,0x000000076b400000,0x0000000773400000)
  from space 10752K, 53% used [0x0000000773400000,0x00000007739a41b0,0x0000000773e80000)
  to   space 11776K, 0% used [0x000000077bf80000,0x000000077bf80000,0x000000077cb00000)
 ParOldGen       total 175104K, used 48K [0x00000006c1c00000, 0x00000006cc700000, 0x000000076b400000)
  object space 175104K, 0% used [0x00000006c1c00000,0x00000006c1c0c000,0x00000006cc700000)
 Metaspace       used 8760K, capacity 8877K, committed 9216K, reserved 1056768K
  class space    used 872K, capacity 927K, committed 1024K, reserved 1048576K
}
Event: 1.599 GC heap before
{Heap before GC invocations=6 (full 0):
 PSYoungGen      total 141824K, used 136848K [0x000000076b400000, 0x000000077cb00000, 0x00000007c0000000)
  eden space 131072K, 100% used [0x000000076b400000,0x0000000773400000,0x0000000773400000)
  from space 10752K, 53% used [0x0000000773400000,0x00000007739a41b0,0x0000000773e80000)
  to   space 11776K, 0% used [0x000000077bf80000,0x000000077bf80000,0x000000077cb00000)
 ParOldGen       total 175104K, used 48K [0x00000006c1c00000, 0x00000006cc700000, 0x000000076b400000)
  object space 175104K, 0% used [0x00000006c1c00000,0x00000006c1c0c000,0x00000006cc700000)
 Metaspace       used 8760K, capacity 8877K, committed 9216K, reserved 1056768K
  class space    used 872K, capacity 927K, committed 1024K, reserved 1048576K
Event: 1.603 GC heap after
Heap after GC invocations=6 (full 0):
 PSYoungGen      total 273920K, used 4493K [0x000000076b400000, 0x000000077cb00000, 0x00000007c0000000)
  eden space 262144K, 0% used [0x000000076b400000,0x000000076b400000,0x000000077b400000)
  from space 11776K, 38% used [0x000000077bf80000,0x000000077c3e36f8,0x000000077cb00000)
  to   space 11776K, 0% used [0x000000077b400000,0x000000077b400000,0x000000077bf80000)
 ParOldGen       total 175104K, used 48K [0x00000006c1c00000, 0x00000006cc700000, 0x000000076b400000)
  object space 175104K, 0% used [0x00000006c1c00000,0x00000006c1c0c000,0x00000006cc700000)
 Metaspace       used 8760K, capacity 8877K, committed 9216K, reserved 1056768K
  class space    used 872K, capacity 927K, committed 1024K, reserved 1048576K
}
Event: 1.809 GC heap before
{Heap before GC invocations=7 (full 0):
 PSYoungGen      total 273920K, used 266637K [0x000000076b400000, 0x000000077cb00000, 0x00000007c0000000)
  eden space 262144K, 100% used [0x000000076b400000,0x000000077b400000,0x000000077b400000)
  from space 11776K, 38% used [0x000000077bf80000,0x000000077c3e36f8,0x000000077cb00000)
  to   space 11776K, 0% used [0x000000077b400000,0x000000077b400000,0x000000077bf80000)
 ParOldGen       total 175104K, used 48K [0x00000006c1c00000, 0x00000006cc700000, 0x000000076b400000)
  object space 175104K, 0% used [0x00000006c1c00000,0x00000006c1c0c000,0x00000006cc700000)
 Metaspace       used 8760K, capacity 8877K, committed 9216K, reserved 1056768K
  class space    used 872K, capacity 927K, committed 1024K, reserved 1048576K
Event: 1.824 GC heap after
Heap after GC invocations=7 (full 0):
 PSYoungGen      total 273920K, used 11752K [0x000000076b400000, 0x000000078d500000, 0x00000007c0000000)
  eden space 262144K, 0% used [0x000000076b400000,0x000000076b400000,0x000000077b400000)
  from space 11776K, 99% used [0x000000077b400000,0x000000077bf7a3f0,0x000000077bf80000)
  to   space 16896K, 0% used [0x000000078c480000,0x000000078c480000,0x000000078d500000)
 ParOldGen       total 175104K, used 6161K [0x00000006c1c00000, 0x00000006cc700000, 0x000000076b400000)
  object space 175104K, 3% used [0x00000006c1c00000,0x00000006c2204448,0x00000006cc700000)
 Metaspace       used 8760K, capacity 8877K, committed 9216K, reserved 1056768K
  class space    used 872K, capacity 927K, committed 1024K, reserved 1048576K
}
Event: 1.984 GC heap before
{Heap before GC invocations=8 (full 0):
 PSYoungGen      total 273920K, used 273896K [0x000000076b400000, 0x000000078d500000, 0x00000007c0000000)
  eden space 262144K, 100% used [0x000000076b400000,0x000000077b400000,0x000000077b400000)
  from space 11776K, 99% used [0x000000077b400000,0x000000077bf7a3f0,0x000000077bf80000)
  to   space 16896K, 0% used [0x000000078c480000,0x000000078c480000,0x000000078d500000)
 ParOldGen       total 175104K, used 6161K [0x00000006c1c00000, 0x00000006cc700000, 0x000000076b400000)
  object space 175104K, 3% used [0x00000006c1c00000,0x00000006c2204448,0x00000006cc700000)
 Metaspace       used 8760K, capacity 8877K, committed 9216K, reserved 1056768K
  class space    used 872K, capacity 927K, committed 1024K, reserved 1048576K
Event: 2.010 GC heap after
Heap after GC invocations=8 (full 0):
 PSYoungGen      total 531456K, used 16877K [0x000000076b400000, 0x000000078e800000, 0x00000007c0000000)
  eden space 514560K, 0% used [0x000000076b400000,0x000000076b400000,0x000000078aa80000)
  from space 16896K, 99% used [0x000000078c480000,0x000000078d4fb4c0,0x000000078d500000)
  to   space 26624K, 0% used [0x000000078aa80000,0x000000078aa80000,0x000000078c480000)
 ParOldGen       total 175104K, used 23009K [0x00000006c1c00000, 0x00000006cc700000, 0x000000076b400000)
  object space 175104K, 13% used [0x00000006c1c00000,0x00000006c3278448,0x00000006cc700000)
 Metaspace       used 8760K, capacity 8877K, committed 9216K, reserved 1056768K
  class space    used 872K, capacity 927K, committed 1024K, reserved 1048576K
}
Event: 18.780 GC heap before
{Heap before GC invocations=9 (full 0):
 PSYoungGen      total 531456K, used 531437K [0x000000076b400000, 0x000000078e800000, 0x00000007c0000000)
  eden space 514560K, 100% used [0x000000076b400000,0x000000078aa80000,0x000000078aa80000)
  from space 16896K, 99% used [0x000000078c480000,0x000000078d4fb4c0,0x000000078d500000)
  to   space 26624K, 0% used [0x000000078aa80000,0x000000078aa80000,0x000000078c480000)
 ParOldGen       total 175104K, used 23009K [0x00000006c1c00000, 0x00000006cc700000, 0x000000076b400000)
  object space 175104K, 13% used [0x00000006c1c00000,0x00000006c3278448,0x00000006cc700000)
 Metaspace       used 11877K, capacity 12037K, committed 12288K, reserved 1060864K
  class space    used 1164K, capacity 1227K, committed 1280K, reserved 1048576K
Event: 18.795 GC heap after
Heap after GC invocations=9 (full 0):
 PSYoungGen      total 541184K, used 15734K [0x000000076b400000, 0x00000007a0d00000, 0x00000007c0000000)
  eden space 514560K, 0% used [0x000000076b400000,0x000000076b400000,0x000000078aa80000)
  from space 26624K, 59% used [0x000000078aa80000,0x000000078b9dda90,0x000000078c480000)
  to   space 27136K, 0% used [0x000000079f280000,0x000000079f280000,0x00000007a0d00000)
 ParOldGen       total 175104K, used 23065K [0x00000006c1c00000, 0x00000006cc700000, 0x000000076b400000)
  object space 175104K, 13% used [0x00000006c1c00000,0x00000006c3286448,0x00000006cc700000)
 Metaspace       used 11877K, capacity 12037K, committed 12288K, reserved 1060864K
  class space    used 1164K, capacity 1227K, committed 1280K, reserved 1048576K
}

